<?xml version="1.0" encoding="UTF-8"?>
<testng-results skipped="0" failed="0" total="1" passed="1">
  <reporter-output>
  </reporter-output>
  <suite name="com.jiggy.sample.HelloWorldIntegTest" duration-ms="31" started-at="2012-09-03T16:25:28Z" finished-at="2012-09-03T16:25:28Z">
    <groups>
    </groups>
    <test name="Command line test" duration-ms="31" started-at="2012-09-03T16:25:28Z" finished-at="2012-09-03T16:25:28Z">
      <class name="com.jiggy.sample.HelloWorldIntegTest">
        <test-method status="PASS" signature="HelloWorld()[pri:0, instance:com.jiggy.sample.HelloWorldIntegTest@2be2e854]" name="HelloWorld" duration-ms="16" started-at="2012-09-03T12:25:28Z" finished-at="2012-09-03T12:25:28Z">
          <reporter-output>
          </reporter-output>
        </test-method> <!-- HelloWorld -->
      </class> <!-- com.jiggy.sample.HelloWorldIntegTest -->
    </test> <!-- Command line test -->
  </suite> <!-- com.jiggy.sample.HelloWorldIntegTest -->
</testng-results>
